<?xml version="1.0" encoding="UTF-8"?>
<robot generator="Robot 3.2.2 (Python 3.8.5 on win32)" generated="20210114 11:41:03.199" rpa="false">
<suite id="s1" name="Bapacho" source="C:\Users\Nisha\git\ta-bapacho\Bapacho">
<suite id="s1-s1" name="Test Suite" source="C:\Users\Nisha\git\ta-bapacho\Bapacho\Test Suite">
<suite id="s1-s1-s1" name="CustomerSite" source="C:\Users\Nisha\git\ta-bapacho\Bapacho\Test Suite\CustomerSite.robot">
<test id="s1-s1-s1-t1" name="CS001TC002">
<kw name="Set Screenshot Directory" library="SeleniumLibrary" type="setup">
<doc>Sets the directory for captured screenshots.</doc>
<arguments>
<arg>C:/Users/Nisha/git/ta-bapacho/Bapacho/BapachoScreenshots/Customer Site Screenshots</arg>
</arguments>
<status status="PASS" starttime="20210114 11:41:03.815" endtime="20210114 11:41:03.819"></status>
</kw>
<kw name="Set Tags" library="BuiltIn">
<doc>Adds given ``tags`` for the current test or all tests in a suite.</doc>
<arguments>
<arg>Sanity</arg>
</arguments>
<msg timestamp="20210114 11:41:03.821" level="INFO">Set tag 'Sanity'.</msg>
<status status="PASS" starttime="20210114 11:41:03.819" endtime="20210114 11:41:03.821"></status>
</kw>
<kw name="Open_Bapachosite" library="Customerkeywords">
<kw name="Open Browser" library="SeleniumLibrary">
<doc>Opens a new browser instance to the optional ``url``.</doc>
<arguments>
<arg>${Bapacho_URL_${Language}}</arg>
<arg>${Chrome}</arg>
</arguments>
<msg timestamp="20210114 11:41:03.823" level="INFO">Opening browser 'chrome' to base url 'https://bapacho:bapacho@staging.bapacho.com/'.</msg>
<status status="PASS" starttime="20210114 11:41:03.822" endtime="20210114 11:41:09.789"></status>
</kw>
<kw name="Maximize Browser Window" library="SeleniumLibrary">
<doc>Maximizes current browser window.</doc>
<status status="PASS" starttime="20210114 11:41:09.789" endtime="20210114 11:41:11.912"></status>
</kw>
<status status="PASS" starttime="20210114 11:41:03.821" endtime="20210114 11:41:11.913"></status>
</kw>
<kw name="Click_login" library="Customerkeywords">
<kw name="Wait Until Element Is Visible" library="SeleniumLibrary">
<doc>Waits until the element ``locator`` is visible.</doc>
<arguments>
<arg>${Login_Button}</arg>
</arguments>
<status status="PASS" starttime="20210114 11:41:11.914" endtime="20210114 11:41:11.985"></status>
</kw>
<kw name="Click Element" library="SeleniumLibrary">
<doc>Click the element identified by ``locator``.</doc>
<arguments>
<arg>${Login_Button}</arg>
</arguments>
<msg timestamp="20210114 11:41:11.986" level="INFO">Clicking element '(//i[contains(@class,'fas fa-user')])[1]'.</msg>
<status status="PASS" starttime="20210114 11:41:11.985" endtime="20210114 11:41:12.134"></status>
</kw>
<kw name="Sleep" library="BuiltIn">
<doc>Pauses the test executed for the given time.</doc>
<arguments>
<arg>2</arg>
</arguments>
<msg timestamp="20210114 11:41:14.137" level="INFO">Slept 2 seconds</msg>
<status status="PASS" starttime="20210114 11:41:12.135" endtime="20210114 11:41:14.137"></status>
</kw>
<kw name="Capture Page Screenshot" library="SeleniumLibrary">
<doc>Takes a screenshot of the current page and embeds it into a log file.</doc>
<msg timestamp="20210114 11:41:14.743" level="INFO" html="yes">&lt;/td&gt;&lt;/tr&gt;&lt;tr&gt;&lt;td colspan="3"&gt;&lt;a href="BapachoScreenshots/Customer%20Site%20Screenshots/selenium-screenshot-63.png"&gt;&lt;img src="BapachoScreenshots/Customer%20Site%20Screenshots/selenium-screenshot-63.png" width="800px"&gt;&lt;/a&gt;</msg>
<status status="PASS" starttime="20210114 11:41:14.137" endtime="20210114 11:41:14.744"></status>
</kw>
<status status="PASS" starttime="20210114 11:41:11.913" endtime="20210114 11:41:14.744"></status>
</kw>
<kw name="Email_Registration" library="Customerkeywords">
<kw name="Set Browser Implicit Wait" library="SeleniumLibrary">
<doc>Sets the implicit wait value used by Selenium.</doc>
<arguments>
<arg>5</arg>
</arguments>
<status status="PASS" starttime="20210114 11:41:14.746" endtime="20210114 11:41:14.748"></status>
</kw>
<kw name="Click Element" library="SeleniumLibrary">
<doc>Click the element identified by ``locator``.</doc>
<arguments>
<arg>${CreateAccount_Button}</arg>
</arguments>
<msg timestamp="20210114 11:41:14.749" level="INFO">Clicking element '//button[@onclick="openCleanAjaxModal('/pages/modals/ajax/createAccount.php')"]'.</msg>
<status status="PASS" starttime="20210114 11:41:14.749" endtime="20210114 11:41:14.887"></status>
</kw>
<kw name="Input Text" library="SeleniumLibrary">
<doc>Types the given ``text`` into the text field identified by ``locator``.</doc>
<arguments>
<arg>${emailid}</arg>
<arg>${RegisterCredentialsold}[0]</arg>
</arguments>
<msg timestamp="20210114 11:41:14.891" level="INFO">Typing text 'automatedcustomer007@yopmail.com' into text field '//input[@id='name']'.</msg>
<status status="PASS" starttime="20210114 11:41:14.888" endtime="20210114 11:41:15.149"></status>
</kw>
<kw name="Input Text" library="SeleniumLibrary">
<doc>Types the given ``text`` into the text field identified by ``locator``.</doc>
<arguments>
<arg>${firstname}</arg>
<arg>${RegisterCredentialsold}[1]</arg>
</arguments>
<msg timestamp="20210114 11:41:15.150" level="INFO">Typing text 'Nisha's Automated Customer' into text field '//input[@id='firstname']'.</msg>
<status status="PASS" starttime="20210114 11:41:15.149" endtime="20210114 11:41:15.317"></status>
</kw>
<kw name="Input Text" library="SeleniumLibrary">
<doc>Types the given ``text`` into the text field identified by ``locator``.</doc>
<arguments>
<arg>${lastname}</arg>
<arg>${RegisterCredentialsold}[2]</arg>
</arguments>
<msg timestamp="20210114 11:41:15.318" level="INFO">Typing text '007' into text field '//input[@id='lastname']'.</msg>
<status status="PASS" starttime="20210114 11:41:15.317" endtime="20210114 11:41:15.453"></status>
</kw>
<kw name="Input Password" library="SeleniumLibrary">
<doc>Types the given password into the text field identified by ``locator``.</doc>
<arguments>
<arg>${inputpassword}</arg>
<arg>${RegisterCredentialsold}[3]</arg>
</arguments>
<msg timestamp="20210114 11:41:15.454" level="INFO">Typing password into text field '//input[@id='password']'.</msg>
<msg timestamp="20210114 11:41:15.507" level="INFO">Temporally setting log level to: NONE</msg>
<msg timestamp="20210114 11:41:15.645" level="INFO">Log level changed from NONE to INFO.</msg>
<status status="PASS" starttime="20210114 11:41:15.453" endtime="20210114 11:41:15.645"></status>
</kw>
<kw name="Input Password" library="SeleniumLibrary">
<doc>Types the given password into the text field identified by ``locator``.</doc>
<arguments>
<arg>${inputpasswordcheck}</arg>
<arg>${RegisterCredentialsold}[4]</arg>
</arguments>
<msg timestamp="20210114 11:41:15.646" level="INFO">Typing password into text field 'name=password_chk'.</msg>
<msg timestamp="20210114 11:41:15.703" level="INFO">Temporally setting log level to: NONE</msg>
<msg timestamp="20210114 11:41:15.838" level="INFO">Log level changed from NONE to INFO.</msg>
<status status="PASS" starttime="20210114 11:41:15.646" endtime="20210114 11:41:15.840"></status>
</kw>
<kw name="Capture Page Screenshot" library="SeleniumLibrary">
<doc>Takes a screenshot of the current page and embeds it into a log file.</doc>
<msg timestamp="20210114 11:41:16.523" level="INFO" html="yes">&lt;/td&gt;&lt;/tr&gt;&lt;tr&gt;&lt;td colspan="3"&gt;&lt;a href="BapachoScreenshots/Customer%20Site%20Screenshots/selenium-screenshot-64.png"&gt;&lt;img src="BapachoScreenshots/Customer%20Site%20Screenshots/selenium-screenshot-64.png" width="800px"&gt;&lt;/a&gt;</msg>
<status status="PASS" starttime="20210114 11:41:15.841" endtime="20210114 11:41:16.523"></status>
</kw>
<kw name="Click Button" library="SeleniumLibrary">
<doc>Clicks the button identified by ``locator``.</doc>
<arguments>
<arg>${CreateAccount_SubmitButton}</arg>
</arguments>
<msg timestamp="20210114 11:41:16.525" level="INFO">Clicking button '//button[@onclick="$('#loginForm').submit()"]'.</msg>
<status status="PASS" starttime="20210114 11:41:16.524" endtime="20210114 11:41:16.602"></status>
</kw>
<kw name="Sleep" library="BuiltIn">
<doc>Pauses the test executed for the given time.</doc>
<arguments>
<arg>2</arg>
</arguments>
<msg timestamp="20210114 11:41:18.606" level="INFO">Slept 2 seconds</msg>
<status status="PASS" starttime="20210114 11:41:16.603" endtime="20210114 11:41:18.606"></status>
</kw>
<kw name="Capture Page Screenshot" library="SeleniumLibrary">
<doc>Takes a screenshot of the current page and embeds it into a log file.</doc>
<msg timestamp="20210114 11:41:19.114" level="INFO" html="yes">&lt;/td&gt;&lt;/tr&gt;&lt;tr&gt;&lt;td colspan="3"&gt;&lt;a href="BapachoScreenshots/Customer%20Site%20Screenshots/selenium-screenshot-65.png"&gt;&lt;img src="BapachoScreenshots/Customer%20Site%20Screenshots/selenium-screenshot-65.png" width="800px"&gt;&lt;/a&gt;</msg>
<status status="PASS" starttime="20210114 11:41:18.607" endtime="20210114 11:41:19.114"></status>
</kw>
<status status="PASS" starttime="20210114 11:41:14.745" endtime="20210114 11:41:19.115"></status>
</kw>
<kw name="Close Browser" library="SeleniumLibrary">
<doc>Closes the current browser.</doc>
<status status="PASS" starttime="20210114 11:41:19.115" endtime="20210114 11:41:21.442"></status>
</kw>
<tags>
<tag>RegressionTest</tag>
<tag>Sanity</tag>
</tags>
<status status="PASS" starttime="20210114 11:41:03.813" endtime="20210114 11:41:21.442" critical="yes"></status>
</test>
<status status="PASS" starttime="20210114 11:41:03.309" endtime="20210114 11:41:21.443"></status>
</suite>
<status status="PASS" starttime="20210114 11:41:03.305" endtime="20210114 11:41:21.445"></status>
</suite>
<status status="PASS" starttime="20210114 11:41:03.262" endtime="20210114 11:41:21.447"></status>
</suite>
<statistics>
<total>
<stat pass="1" fail="0">Critical Tests</stat>
<stat pass="1" fail="0">All Tests</stat>
</total>
<tag>
<stat pass="1" fail="0">RegressionTest</stat>
<stat pass="1" fail="0">Sanity</stat>
</tag>
<suite>
<stat pass="1" fail="0" id="s1" name="Bapacho">Bapacho</stat>
<stat pass="1" fail="0" id="s1-s1" name="Test Suite">Bapacho.Test Suite</stat>
<stat pass="1" fail="0" id="s1-s1-s1" name="CustomerSite">Bapacho.Test Suite.CustomerSite</stat>
</suite>
</statistics>
<errors>
</errors>
</robot>
